El servicio nginx no está activo. Intentando reiniciar...
sudo: a terminal is required to read the password; either use the -S option to read from standard input or configure an askpass helper
sudo: se requiere una contraseña
Error al reiniciar el servicio nginx.
El servicio nginx no está activo. Intentando reiniciar...
sudo: a terminal is required to read the password; either use the -S option to read from standard input or configure an askpass helper
sudo: se requiere una contraseña
Error al reiniciar el servicio nginx.
El servicio nginx no está activo. Intentando reiniciar...
sudo: a terminal is required to read the password; either use the -S option to read from standard input or configure an askpass helper
sudo: se requiere una contraseña
Error al reiniciar el servicio nginx.
El servicio nginx no está activo. Intentando reiniciar...
sudo: a terminal is required to read the password; either use the -S option to read from standard input or configure an askpass helper
sudo: se requiere una contraseña
Error al reiniciar el servicio nginx.
El servicio nginx no está activo. Intentando reiniciar...
sudo: a terminal is required to read the password; either use the -S option to read from standard input or configure an askpass helper
sudo: se requiere una contraseña
Error al reiniciar el servicio nginx.
El servicio nginx no está activo. Intentando reiniciar...
sudo: a terminal is required to read the password; either use the -S option to read from standard input or configure an askpass helper
sudo: se requiere una contraseña
Error al reiniciar el servicio nginx.
El servicio nginx no está activo. Intentando reiniciar...
sudo: a terminal is required to read the password; either use the -S option to read from standard input or configure an askpass helper
sudo: se requiere una contraseña
Error al reiniciar el servicio nginx.
El servicio nginx no está activo. Intentando reiniciar...
sudo: a terminal is required to read the password; either use the -S option to read from standard input or configure an askpass helper
sudo: se requiere una contraseña
Error al reiniciar el servicio nginx.
El servicio nginx no está activo. Intentando reiniciar...
sudo: a terminal is required to read the password; either use the -S option to read from standard input or configure an askpass helper
sudo: se requiere una contraseña
Error al reiniciar el servicio nginx.
El servicio nginx no está activo. Intentando reiniciar...
sudo: a terminal is required to read the password; either use the -S option to read from standard input or configure an askpass helper
sudo: se requiere una contraseña
Error al reiniciar el servicio nginx.
El servicio nginx no está activo. Intentando reiniciar...
sudo: a terminal is required to read the password; either use the -S option to read from standard input or configure an askpass helper
sudo: se requiere una contraseña
Error al reiniciar el servicio nginx.
El servicio nginx está activo.
El servicio nginx está activo.
